#
# There is insufficient memory for the Java Runtime Environment to continue.
# Native memory allocation (malloc) failed to allocate 1359136 bytes for Chunk::new
# Possible reasons:
#   The system is out of physical RAM or swap space
#   In 32 bit mode, the process size limit was hit
# Possible solutions:
#   Reduce memory load on the system
#   Increase physical memory or swap space
#   Check if swap backing store is full
#   Use 64 bit Java on a 64 bit OS
#   Decrease Java heap size (-Xmx/-Xms)
#   Decrease number of Java threads
#   Decrease Java thread stack sizes (-Xss)
#   Set larger code cache with -XX:ReservedCodeCacheSize=
# This output file may be truncated or incomplete.
#
#  Out of Memory Error (allocation.cpp:390), pid=6012, tid=8020
#
# JRE version: Java(TM) SE Runtime Environment (8.0_91-b15) (build 1.8.0_91-b15)
# Java VM: Java HotSpot(TM) 64-Bit Server VM (25.91-b15 mixed mode windows-amd64 compressed oops)
# Failed to write core dump. Minidumps are not enabled by default on client versions of Windows
#

---------------  T H R E A D  ---------------

Current thread (0x000000001848b000):  JavaThread "C2 CompilerThread0" daemon [_thread_in_native, id=8020, stack(0x0000000019e90000,0x0000000019f90000)]

Stack: [0x0000000019e90000,0x0000000019f90000]
[error occurred during error reporting (printing stack bounds), id 0xc0000005]

Native frames: (J=compiled Java code, j=interpreted, Vv=VM code, C=native code)


Current CompileTask:
C2:   8841 3037       4       com.sun.org.apache.xerces.internal.impl.XMLDTDScannerImpl::scanEntityDecl (848 bytes)


---------------  P R O C E S S  ---------------

Java Threads: ( => current thread )
  0x000000001b568800 JavaThread "File lock request listener" [_thread_in_native, id=8564, stack(0x000000001dca0000,0x000000001dda0000)]
  0x000000001b66c800 JavaThread "Stdin handler" [_thread_blocked, id=2868, stack(0x000000001c9d0000,0x000000001cad0000)]
  0x000000001b578000 JavaThread "Asynchronous log dispatcher for DefaultDaemonConnection: socket connection from /127.0.0.1:7891 to /127.0.0.1:7894" [_thread_blocked, id=10584, stack(0x000000001c8d0000,0x000000001c9d0000)]
  0x000000001b573800 JavaThread "Daemon worker" [_thread_in_vm, id=3756, stack(0x000000001c7d0000,0x000000001c8d0000)]
  0x000000001b685800 JavaThread "Cancel handler" [_thread_blocked, id=13012, stack(0x000000001c6d0000,0x000000001c7d0000)]
  0x000000001b444800 JavaThread "Handler for socket connection from /127.0.0.1:7891 to /127.0.0.1:7894" [_thread_in_native, id=10964, stack(0x000000001c5d0000,0x000000001c6d0000)]
  0x000000001b4f0000 JavaThread "Daemon" [_thread_blocked, id=5480, stack(0x000000001c4d0000,0x000000001c5d0000)]
  0x000000001b092000 JavaThread "Incoming local TCP Connector on port 7891" [_thread_in_native, id=4992, stack(0x000000001be60000,0x000000001bf60000)]
  0x000000001afb2800 JavaThread "pool-1-thread-1" [_thread_blocked, id=1160, stack(0x000000001bb60000,0x000000001bc60000)]
  0x000000001990a000 JavaThread "Service Thread" daemon [_thread_blocked, id=9316, stack(0x000000001a190000,0x000000001a290000)]
  0x00000000198ed000 JavaThread "C1 CompilerThread2" daemon [_thread_in_native, id=11864, stack(0x000000001a090000,0x000000001a190000)]
  0x00000000198de800 JavaThread "C2 CompilerThread1" daemon [_thread_in_native, id=9560, stack(0x0000000019f90000,0x000000001a090000)]
=>0x000000001848b000 JavaThread "C2 CompilerThread0" daemon [_thread_in_native, id=8020, stack(0x0000000019e90000,0x0000000019f90000)]
  0x0000000018489800 JavaThread "Attach Listener" daemon [_thread_blocked, id=9164, stack(0x0000000019d90000,0x0000000019e90000)]
  0x000000001843d800 JavaThread "Signal Dispatcher" daemon [_thread_blocked, id=4660, stack(0x0000000019c90000,0x0000000019d90000)]
  0x00000000046db000 JavaThread "Finalizer" daemon [_thread_blocked, id=8628, stack(0x0000000019690000,0x0000000019790000)]
  0x00000000046cf000 JavaThread "Reference Handler" daemon [_thread_blocked, id=11860, stack(0x0000000019590000,0x0000000019690000)]
  0x00000000045e1000 JavaThread "main" [_thread_blocked, id=3668, stack(0x0000000002cb0000,0x0000000002db0000)]

Other Threads:
  0x00000000183f7800 VMThread [stack: 0x0000000019490000,0x0000000019590000] [id=8048]
  0x0000000019941000 WatcherThread [stack: 0x000000001a290000,0x000000001a390000] [id=12872]

VM state:not at safepoint (normal execution)

VM Mutex/Monitor currently owned by a thread: None

Heap:
 PSYoungGen      total 71680K, used 6372K [0x00000000e0000000, 0x00000000e4b00000, 0x0000000100000000)
  eden space 66560K, 1% used [0x00000000e0000000,0x00000000e0140378,0x00000000e4100000)
  from space 5120K, 99% used [0x00000000e4600000,0x00000000e4af9040,0x00000000e4b00000)
  to   space 5120K, 0% used [0x00000000e4100000,0x00000000e4100000,0x00000000e4600000)
 ParOldGen       total 69120K, used 14608K [0x00000000a0000000, 0x00000000a4380000, 0x00000000e0000000)
  object space 69120K, 21% used [0x00000000a0000000,0x00000000a0e442b8,0x00000000a4380000)
 Metaspace       used 30529K, capacity 31116K, committed 31360K, reserved 1077248K
  class space    used 4167K, capacity 4374K, committed 4480K, reserved 1048576K

Card table byte_map: [0x0000000013e80000,0x0000000014190000] byte_map_base: 0x0000000013980000

Marking Bits: (ParMarkBitMap*) 0x000000005e922f70
 Begin Bits: [0x0000000014790000, 0x0000000015f90000)
 End Bits:   [0x0000000015f90000, 0x0000000017790000)

Polling page: 0x0000000002840000

CodeCache: size=245760Kb used=11681Kb max_used=11681Kb free=234078Kb
 bounds [0x0000000004ac0000, 0x0000000005640000, 0x0000000013ac0000]
 total_blobs=3760 nmethods=3086 adapters=586
 compilation: enabled

Compilation events (10 events):
Event: 8.832 Thread 0x00000000198ed000 nmethod 3100 0x000000000562f9d0 code [0x000000000562fb20, 0x000000000562fc90]
Event: 8.832 Thread 0x00000000198ed000 3101       3       com.sun.org.apache.xerces.internal.xni.parser.XMLInputSource::setCharacterStream (6 bytes)
Event: 8.832 Thread 0x00000000198ed000 nmethod 3101 0x000000000562fd10 code [0x000000000562fe60, 0x000000000562ffd0]
Event: 8.832 Thread 0x00000000198ed000 3102       3       com.sun.org.apache.xerces.internal.xni.parser.XMLInputSource::setEncoding (6 bytes)
Event: 8.832 Thread 0x00000000198ed000 nmethod 3102 0x0000000005630050 code [0x00000000056301a0, 0x0000000005630310]
Event: 8.833 Thread 0x00000000198ed000 3103       1       com.sun.xml.internal.stream.StaxXMLInputSource::hasResolver (5 bytes)
Event: 8.833 Thread 0x00000000198ed000 nmethod 3103 0x0000000005630390 code [0x00000000056304e0, 0x00000000056305f0]
Event: 8.833 Thread 0x00000000198ed000 3104       1       com.sun.xml.internal.stream.StaxXMLInputSource::getXMLInputSource (5 bytes)
Event: 8.833 Thread 0x00000000198ed000 nmethod 3104 0x0000000005630650 code [0x00000000056307a0, 0x00000000056308b0]
Event: 8.833 Thread 0x00000000198ed000 3105       3       com.sun.org.apache.xerces.internal.impl.XMLEntityManager::setupCurrentEntity (1214 bytes)

GC Heap History (10 events):
Event: 3.614 GC heap before
{Heap before GC invocations=3 (full 0):
 PSYoungGen      total 38400K, used 38390K [0x00000000e0000000, 0x00000000e2a80000, 0x0000000100000000)
  eden space 33280K, 100% used [0x00000000e0000000,0x00000000e2080000,0x00000000e2080000)
  from space 5120K, 99% used [0x00000000e2580000,0x00000000e2a7dab8,0x00000000e2a80000)
  to   space 5120K, 0% used [0x00000000e2080000,0x00000000e2080000,0x00000000e2580000)
 ParOldGen       total 87552K, used 1172K [0x00000000a0000000, 0x00000000a5580000, 0x00000000e0000000)
  object space 87552K, 1% used [0x00000000a0000000,0x00000000a0125128,0x00000000a5580000)
 Metaspace       used 16676K, capacity 17118K, committed 17408K, reserved 1064960K
  class space    used 2378K, capacity 2496K, committed 2560K, reserved 1048576K
Event: 3.629 GC heap after
Heap after GC invocations=3 (full 0):
 PSYoungGen      total 38400K, used 5103K [0x00000000e0000000, 0x00000000e4b00000, 0x0000000100000000)
  eden space 33280K, 0% used [0x00000000e0000000,0x00000000e0000000,0x00000000e2080000)
  from space 5120K, 99% used [0x00000000e2080000,0x00000000e257be98,0x00000000e2580000)
  to   space 5120K, 0% used [0x00000000e4600000,0x00000000e4600000,0x00000000e4b00000)
 ParOldGen       total 87552K, used 4273K [0x00000000a0000000, 0x00000000a5580000, 0x00000000e0000000)
  object space 87552K, 4% used [0x00000000a0000000,0x00000000a042c4a0,0x00000000a5580000)
 Metaspace       used 16676K, capacity 17118K, committed 17408K, reserved 1064960K
  class space    used 2378K, capacity 2496K, committed 2560K, reserved 1048576K
}
Event: 4.545 GC heap before
{Heap before GC invocations=4 (full 0):
 PSYoungGen      total 38400K, used 28038K [0x00000000e0000000, 0x00000000e4b00000, 0x0000000100000000)
  eden space 33280K, 68% used [0x00000000e0000000,0x00000000e1665d10,0x00000000e2080000)
  from space 5120K, 99% used [0x00000000e2080000,0x00000000e257be98,0x00000000e2580000)
  to   space 5120K, 0% used [0x00000000e4600000,0x00000000e4600000,0x00000000e4b00000)
 ParOldGen       total 87552K, used 4273K [0x00000000a0000000, 0x00000000a5580000, 0x00000000e0000000)
  object space 87552K, 4% used [0x00000000a0000000,0x00000000a042c4a0,0x00000000a5580000)
 Metaspace       used 20753K, capacity 21162K, committed 21248K, reserved 1067008K
  class space    used 2870K, capacity 3012K, committed 3072K, reserved 1048576K
Event: 4.562 GC heap after
Heap after GC invocations=4 (full 0):
 PSYoungGen      total 71680K, used 5091K [0x00000000e0000000, 0x00000000e4b00000, 0x0000000100000000)
  eden space 66560K, 0% used [0x00000000e0000000,0x00000000e0000000,0x00000000e4100000)
  from space 5120K, 99% used [0x00000000e4600000,0x00000000e4af8fd0,0x00000000e4b00000)
  to   space 5120K, 0% used [0x00000000e4100000,0x00000000e4100000,0x00000000e4600000)
 ParOldGen       total 87552K, used 8945K [0x00000000a0000000, 0x00000000a5580000, 0x00000000e0000000)
  object space 87552K, 10% used [0x00000000a0000000,0x00000000a08bc6a0,0x00000000a5580000)
 Metaspace       used 20753K, capacity 21162K, committed 21248K, reserved 1067008K
  class space    used 2870K, capacity 3012K, committed 3072K, reserved 1048576K
}
Event: 4.562 GC heap before
{Heap before GC invocations=5 (full 1):
 PSYoungGen      total 71680K, used 5091K [0x00000000e0000000, 0x00000000e4b00000, 0x0000000100000000)
  eden space 66560K, 0% used [0x00000000e0000000,0x00000000e0000000,0x00000000e4100000)
  from space 5120K, 99% used [0x00000000e4600000,0x00000000e4af8fd0,0x00000000e4b00000)
  to   space 5120K, 0% used [0x00000000e4100000,0x00000000e4100000,0x00000000e4600000)
 ParOldGen       total 87552K, used 8945K [0x00000000a0000000, 0x00000000a5580000, 0x00000000e0000000)
  object space 87552K, 10% used [0x00000000a0000000,0x00000000a08bc6a0,0x00000000a5580000)
 Metaspace       used 20753K, capacity 21162K, committed 21248K, reserved 1067008K
  class space    used 2870K, capacity 3012K, committed 3072K, reserved 1048576K
Event: 4.645 GC heap after
Heap after GC invocations=5 (full 1):
 PSYoungGen      total 71680K, used 0K [0x00000000e0000000, 0x00000000e4b00000, 0x0000000100000000)
  eden space 66560K, 0% used [0x00000000e0000000,0x00000000e0000000,0x00000000e4100000)
  from space 5120K, 0% used [0x00000000e4600000,0x00000000e4600000,0x00000000e4b00000)
  to   space 5120K, 0% used [0x00000000e4100000,0x00000000e4100000,0x00000000e4600000)
 ParOldGen       total 69120K, used 9635K [0x00000000a0000000, 0x00000000a4380000, 0x00000000e0000000)
  object space 69120K, 13% used [0x00000000a0000000,0x00000000a0968dd0,0x00000000a4380000)
 Metaspace       used 20753K, capacity 21162K, committed 21248K, reserved 1067008K
  class space    used 2870K, capacity 3012K, committed 3072K, reserved 1048576K
}
Event: 6.911 GC heap before
{Heap before GC invocations=6 (full 1):
 PSYoungGen      total 71680K, used 66560K [0x00000000e0000000, 0x00000000e4b00000, 0x0000000100000000)
  eden space 66560K, 100% used [0x00000000e0000000,0x00000000e4100000,0x00000000e4100000)
  from space 5120K, 0% used [0x00000000e4600000,0x00000000e4600000,0x00000000e4b00000)
  to   space 5120K, 0% used [0x00000000e4100000,0x00000000e4100000,0x00000000e4600000)
 ParOldGen       total 69120K, used 9635K [0x00000000a0000000, 0x00000000a4380000, 0x00000000e0000000)
  object space 69120K, 13% used [0x00000000a0000000,0x00000000a0968dd0,0x00000000a4380000)
 Metaspace       used 27105K, capacity 27626K, committed 27776K, reserved 1073152K
  class space    used 3740K, capacity 3940K, committed 3968K, reserved 1048576K
Event: 6.925 GC heap after
Heap after GC invocations=6 (full 1):
 PSYoungGen      total 71680K, used 5104K [0x00000000e0000000, 0x00000000e4b00000, 0x0000000100000000)
  eden space 66560K, 0% used [0x00000000e0000000,0x00000000e0000000,0x00000000e4100000)
  from space 5120K, 99% used [0x00000000e4100000,0x00000000e45fc3e0,0x00000000e4600000)
  to   space 5120K, 0% used [0x00000000e4600000,0x00000000e4600000,0x00000000e4b00000)
 ParOldGen       total 69120K, used 12657K [0x00000000a0000000, 0x00000000a4380000, 0x00000000e0000000)
  object space 69120K, 18% used [0x00000000a0000000,0x00000000a0c5c550,0x00000000a4380000)
 Metaspace       used 27105K, capacity 27626K, committed 27776K, reserved 1073152K
  class space    used 3740K, capacity 3940K, committed 3968K, reserved 1048576K
}
Event: 8.758 GC heap before
{Heap before GC invocations=7 (full 1):
 PSYoungGen      total 71680K, used 71664K [0x00000000e0000000, 0x00000000e4b00000, 0x0000000100000000)
  eden space 66560K, 100% used [0x00000000e0000000,0x00000000e4100000,0x00000000e4100000)
  from space 5120K, 99% used [0x00000000e4100000,0x00000000e45fc3e0,0x00000000e4600000)
  to   space 5120K, 0% used [0x00000000e4600000,0x00000000e4600000,0x00000000e4b00000)
 ParOldGen       total 69120K, used 12657K [0x00000000a0000000, 0x00000000a4380000, 0x00000000e0000000)
  object space 69120K, 18% used [0x00000000a0000000,0x00000000a0c5c550,0x00000000a4380000)
 Metaspace       used 30483K, capacity 31116K, committed 31360K, reserved 1077248K
  class space    used 4167K, capacity 4374K, committed 4480K, reserved 1048576K
Event: 8.777 GC heap after
Heap after GC invocations=7 (full 1):
 PSYoungGen      total 71680K, used 5092K [0x00000000e0000000, 0x00000000e4b00000, 0x0000000100000000)
  eden space 66560K, 0% used [0x00000000e0000000,0x00000000e0000000,0x00000000e4100000)
  from space 5120K, 99% used [0x00000000e4600000,0x00000000e4af9040,0x00000000e4b00000)
  to   space 5120K, 0% used [0x00000000e4100000,0x00000000e4100000,0x00000000e4600000)
 ParOldGen       total 69120K, used 14608K [0x00000000a0000000, 0x00000000a4380000, 0x00000000e0000000)
  object space 69120K, 21% used [0x00000000a0000000,0x00000000a0e442b8,0x00000000a4380000)
 Metaspace       used 30483K, capacity 31116K, committed 31360K, reserved 1077248K
  class space    used 4167K, capacity 4374K, committed 4480K, reserved 1048576K
}

Deoptimization events (10 events):
Event: 8.221 Thread 0x000000001b573800 Uncommon trap: reason=unstable_if action=reinterpret pc=0x00000000054047ac method=com.sun.org.apache.xerces.internal.impl.XMLEntityScanner.peekChar()I @ 51
Event: 8.229 Thread 0x000000001b573800 Uncommon trap: reason=unstable_if action=reinterpret pc=0x0000000005406b18 method=com.sun.org.apache.xerces.internal.impl.XMLEntityScanner.skipSpaces()Z @ 75
Event: 8.267 Thread 0x000000001b573800 Uncommon trap: reason=unstable_if action=reinterpret pc=0x0000000005533080 method=com.sun.org.apache.xerces.internal.impl.XMLEntityScanner.scanData(Ljava/lang/String;Lcom/sun/org/apache/xerces/internal/util/XMLStringBuffer;)Z @ 326
Event: 8.268 Thread 0x000000001b573800 Uncommon trap: reason=unstable_if action=reinterpret pc=0x000000000550d398 method=com.sun.org.apache.xerces.internal.impl.XMLEntityScanner.scanData(Ljava/lang/String;Lcom/sun/org/apache/xerces/internal/util/XMLStringBuffer;)Z @ 888
Event: 8.294 Thread 0x000000001b573800 Uncommon trap: reason=unstable_if action=reinterpret pc=0x000000000549a43c method=com.sun.org.apache.xerces.internal.impl.XMLEntityScanner.scanName()Ljava/lang/String; @ 205
Event: 8.462 Thread 0x000000001b573800 Uncommon trap: reason=unstable_if action=reinterpret pc=0x00000000054b361c method=com.sun.org.apache.xerces.internal.parsers.AbstractDOMParser.characters(Lcom/sun/org/apache/xerces/internal/xni/XMLString;Lcom/sun/org/apache/xerces/internal/xni/AugmentationNÜÕzl˛ @
Event: 8.497 Thread 0x000000001b573800 Uncommon trap: reason=unstable_if action=reinterpret pc=0x00000000054750f0 method=com.sun.org.apache.xerces.internal.impl.io.UTF8Reader.read([CII)I @ 131
Event: 8.736 Thread 0x000000001b573800 Uncommon trap: reason=unstable_if action=reinterpret pc=0x000000000558a978 method=com.sun.org.apache.xerces.internal.impl.XMLEntityScanner.scanName()Ljava/lang/String; @ 69
Event: 8.797 Thread 0x000000001b573800 Uncommon trap: reason=unstable_if action=reinterpret pc=0x000000000553ac80 method=com.sun.org.apache.xerces.internal.impl.XMLEntityScanner.scanContent(Lcom/sun/org/apache/xerces/internal/xni/XMLString;)I @ 44
Event: 8.797 Thread 0x000000001b573800 Uncommon trap: reason=unstable_if action=reinterpret pc=0x00000000055af75c method=com.sun.org.apache.xerces.internal.impl.XMLDocumentFragmentScannerImpl$FragmentContentDriver.next()I @ 815

Internal exceptions (10 events):
Event: 7.101 Thread 0x000000001b573800 Exception <a 'java/lang/ClassNotFoundException': org/gradle/api/plugins/ObjectConfigurationActionBeanInfo> (0x00000000e08e3a38) thrown at [C:\re\workspace\8-2-build-windows-amd64-cygwin\jdk8u91\7017\hotspot\src\share\vm\classfile\systemDictionary.cpp, line§àh@
Event: 7.102 Thread 0x000000001b573800 Exception <a 'java/lang/ClassNotFoundException': org/gradle/api/plugins/ObjectConfigurationActionCustomizer> (0x00000000e08f58c0) thrown at [C:\re\workspace\8-2-build-windows-amd64-cygwin\jdk8u91\7017\hotspot\src\share\vm\classfile\systemDictionary.cpp, liVQdj[ù@
Event: 7.154 Thread 0x000000001b573800 Exception <a 'java/lang/ClassNotFoundException': JetGradlePluginBeanInfo> (0x00000000e0b7b088) thrown at [C:\re\workspace\8-2-build-windows-amd64-cygwin\jdk8u91\7017\hotspot\src\share\vm\classfile\systemDictionary.cpp, line 210]
Event: 7.155 Thread 0x000000001b573800 Exception <a 'java/lang/ClassNotFoundException': JetGradlePluginCustomizer> (0x00000000e0b84478) thrown at [C:\re\workspace\8-2-build-windows-amd64-cygwin\jdk8u91\7017\hotspot\src\share\vm\classfile\systemDictionary.cpp, line 210]
Event: 7.163 Thread 0x000000001b573800 Exception <a 'java/lang/ClassNotFoundException': org/gradle/tooling/provider/model/internal/DefaultToolingModelBuilderRegistryBeanInfo> (0x00000000e0bd29e8) thrown at [C:\re\workspace\8-2-build-windows-amd64-cygwin\jdk8u91\7017\hotspot\src\share\vm\classfi
Event: 7.165 Thread 0x000000001b573800 Exception <a 'java/lang/ClassNotFoundException': org/gradle/tooling/provider/model/internal/DefaultToolingModelBuilderRegistryCustomizer> (0x00000000e0c056b0) thrown at [C:\re\workspace\8-2-build-windows-amd64-cygwin\jdk8u91\7017\hotspot\src\share\vm\classÀÍ5Ÿ¡)@
Event: 7.291 Thread 0x000000001b573800 Exception <a 'java/lang/ClassNotFoundException': build_4rwt2q2ypglfey9r9eh47iudgBeanInfo> (0x00000000e1118fa0) thrown at [C:\re\workspace\8-2-build-windows-amd64-cygwin\jdk8u91\7017\hotspot\src\share\vm\classfile\systemDictionary.cpp, line 210]
Event: 7.291 Thread 0x000000001b573800 Exception <a 'java/lang/ClassNotFoundException': org/gradle/api/internal/project/ProjectScriptBeanInfo> (0x00000000e112a5c0) thrown at [C:\re\workspace\8-2-build-windows-amd64-cygwin\jdk8u91\7017\hotspot\src\share\vm\classfile\systemDictionary.cpp, line 21Ûd≈+˝*@
Event: 7.292 Thread 0x000000001b573800 Exception <a 'java/lang/ClassNotFoundException': org/gradle/api/internal/project/ProjectScriptCustomizer> (0x00000000e113c020) thrown at [C:\re\workspace\8-2-build-windows-amd64-cygwin\jdk8u91\7017\hotspot\src\share\vm\classfile\systemDictionary.cpp, line ˇN(ƒz,@
Event: 7.293 Thread 0x000000001b573800 Exception <a 'java/lang/ClassNotFoundException': build_4rwt2q2ypglfey9r9eh47iudgCustomizer> (0x00000000e115b7f0) thrown at [C:\re\workspace\8-2-build-windows-amd64-cygwin\jdk8u91\7017\hotspot\src\share\vm\classfile\systemDictionary.cpp, line 210]

Events (10 events):
Event: 8.782 Executing VM operation: RevokeBias
Event: 8.783 Executing VM operation: RevokeBias done
Event: 8.787 Thread 0x00000000198ed000 flushing nmethod 0x0000000004bcbc10
Event: 8.787 Thread 0x00000000198ed000 flushing nmethod 0x0000000004bccbd0
Event: 8.797 Thread 0x000000001b573800 Uncommon trap: trap_request=0xffffff65 fr.pc=0x000000000553ac80
Event: 8.797 Thread 0x000000001b573800 DEOPT PACKING pc=0x000000000553ac80 sp=0x000000001c8ca400
Event: 8.797 Thread 0x000000001b573800 DEOPT UNPACKING pc=0x0000000004b0582a sp=0x000000001c8ca3a0 mode 2
Event: 8.797 Thread 0x000000001b573800 Uncommon trap: trap_request=0xffffff65 fr.pc=0x00000000055af75c
Event: 8.797 Thread 0x000000001b573800 DEOPT PACKING pc=0x00000000055af75c sp=0x000000001c8ca460
Event: 8.797 Thread 0x000000001b573800 DEOPT UNPACKING pc=0x0000000004b0582a sp=0x000000001c8ca458 mode 2


Dynamic libraries:
0x00007ff6872a0000 - 0x00007ff6872d7000 	C:\Program Files\Java\jdk1.8.0_91\bin\java.exe
0x00007ffae4260000 - 0x00007ffae4440000 	C:\WINDOWS\SYSTEM32\ntdll.dll
0x00007ffae3010000 - 0x00007ffae30be000 	C:\WINDOWS\System32\KERNEL32.DLL
0x00007ffae0c00000 - 0x00007ffae0e66000 	C:\WINDOWS\System32\KERNELBASE.dll
0x00007ffae34a0000 - 0x00007ffae3541000 	C:\WINDOWS\System32\ADVAPI32.dll
0x00007ffae1730000 - 0x00007ffae17cd000 	C:\WINDOWS\System32\msvcrt.dll
0x00007ffae41d0000 - 0x00007ffae422b000 	C:\WINDOWS\System32\sechost.dll
0x00007ffae1940000 - 0x00007ffae1a5f000 	C:\WINDOWS\System32\RPCRT4.dll
0x00007ffae4040000 - 0x00007ffae41ce000 	C:\WINDOWS\System32\USER32.dll
0x00007ffae1670000 - 0x00007ffae1690000 	C:\WINDOWS\System32\win32u.dll
0x00007ffae1a60000 - 0x00007ffae1a88000 	C:\WINDOWS\System32\GDI32.dll
0x00007ffae0a60000 - 0x00007ffae0bf4000 	C:\WINDOWS\System32\gdi32full.dll
0x00007ffae1690000 - 0x00007ffae172b000 	C:\WINDOWS\System32\msvcp_win.dll
0x00007ffae06c0000 - 0x00007ffae07b6000 	C:\WINDOWS\System32\ucrtbase.dll
0x00007ffad4350000 - 0x00007ffad45b9000 	C:\WINDOWS\WinSxS\amd64_microsoft.windows.common-controls_6595b64144ccf1df_6.0.16299.19_none_cc92fab02215da61\COMCTL32.dll
0x00007ffae3d20000 - 0x00007ffae4028000 	C:\WINDOWS\System32\combase.dll
0x00007ffae07c0000 - 0x00007ffae0832000 	C:\WINDOWS\System32\bcryptPrimitives.dll
0x00007ffae3c90000 - 0x00007ffae3cbd000 	C:\WINDOWS\System32\IMM32.DLL
0x000000005e9b0000 - 0x000000005ea82000 	C:\Program Files\Java\jdk1.8.0_91\jre\bin\msvcr100.dll
0x000000005e110000 - 0x000000005e9a3000 	C:\Program Files\Java\jdk1.8.0_91\jre\bin\server\jvm.dll
0x00007ffae30c0000 - 0x00007ffae30c8000 	C:\WINDOWS\System32\PSAPI.DLL
0x00007ffad1470000 - 0x00007ffad1479000 	C:\WINDOWS\SYSTEM32\WSOCK32.dll
0x00007ffadd300000 - 0x00007ffadd323000 	C:\WINDOWS\SYSTEM32\WINMM.dll
0x00007ffae35d0000 - 0x00007ffae363c000 	C:\WINDOWS\System32\WS2_32.dll
0x00007ffad3170000 - 0x00007ffad317a000 	C:\WINDOWS\SYSTEM32\VERSION.dll
0x00007ffadd2d0000 - 0x00007ffadd2fa000 	C:\WINDOWS\SYSTEM32\WINMMBASE.dll
0x00007ffae0a10000 - 0x00007ffae0a5a000 	C:\WINDOWS\System32\cfgmgr32.dll
0x000000005e100000 - 0x000000005e10f000 	C:\Program Files\Java\jdk1.8.0_91\jre\bin\verify.dll
0x000000005e0d0000 - 0x000000005e0f9000 	C:\Program Files\Java\jdk1.8.0_91\jre\bin\java.dll
0x000000005e0b0000 - 0x000000005e0c6000 	C:\Program Files\Java\jdk1.8.0_91\jre\bin\zip.dll
0x00007ffae1a90000 - 0x00007ffae2ec7000 	C:\WINDOWS\System32\SHELL32.dll
0x00007ffae3640000 - 0x00007ffae36e6000 	C:\WINDOWS\System32\shcore.dll
0x00007ffae0f20000 - 0x00007ffae1667000 	C:\WINDOWS\System32\windows.storage.dll
0x00007ffae31a0000 - 0x00007ffae31f1000 	C:\WINDOWS\System32\shlwapi.dll
0x00007ffae0600000 - 0x00007ffae0611000 	C:\WINDOWS\System32\kernel.appcore.dll
0x00007ffae05b0000 - 0x00007ffae05fc000 	C:\WINDOWS\System32\powrprof.dll
0x00007ffae0640000 - 0x00007ffae065b000 	C:\WINDOWS\System32\profapi.dll
0x000000005e090000 - 0x000000005e0aa000 	C:\Program Files\Java\jdk1.8.0_91\jre\bin\net.dll
0x00007ffadfe40000 - 0x00007ffadfea6000 	C:\WINDOWS\system32\mswsock.dll
0x000000005e070000 - 0x000000005e081000 	C:\Program Files\Java\jdk1.8.0_91\jre\bin\nio.dll
0x00007ffad84f0000 - 0x00007ffad850e000 	C:\Users\zhao\.gradle\native\23\windows-amd64\native-platform.dll
0x00007ffae0000000 - 0x00007ffae0017000 	C:\WINDOWS\SYSTEM32\CRYPTSP.dll
0x00007ffadfa50000 - 0x00007ffadfa83000 	C:\WINDOWS\system32\rsaenh.dll
0x00007ffae0110000 - 0x00007ffae0135000 	C:\WINDOWS\SYSTEM32\bcrypt.dll
0x00007ffae04e0000 - 0x00007ffae0509000 	C:\WINDOWS\SYSTEM32\USERENV.dll
0x00007ffae0020000 - 0x00007ffae002b000 	C:\WINDOWS\SYSTEM32\CRYPTBASE.dll
0x00007ffadfbd0000 - 0x00007ffadfc09000 	C:\WINDOWS\SYSTEM32\IPHLPAPI.DLL
0x00007ffae2fe0000 - 0x00007ffae2fe8000 	C:\WINDOWS\System32\NSI.dll
0x00007ffada3a0000 - 0x00007ffada3b6000 	C:\WINDOWS\SYSTEM32\dhcpcsvc6.DLL
0x00007ffada340000 - 0x00007ffada35a000 	C:\WINDOWS\SYSTEM32\dhcpcsvc.DLL
0x000000005e060000 - 0x000000005e06d000 	C:\Program Files\Java\jdk1.8.0_91\jre\bin\management.dll

VM Arguments:
jvm_args: -Xmx1536m -Dfile.encoding=GBK -Duser.country=CN -Duser.language=zh -Duser.variant 
java_command: org.gradle.launcher.daemon.bootstrap.GradleDaemon 3.3
java_class_path (initial): C:\Users\zhao\.gradle\wrapper\dists\gradle-3.3-all\55gk2rcmfc6p2dg9u9ohc3hw9\gradle-3.3\lib\gradle-launcher-3.3.jar
Launcher Type: SUN_STANDARD

Environment Variables:
JAVA_HOME=C:\Program Files\Java\jdk1.8.0_91
CLASSPATH=.;C:\Program Files\Java\jdk1.8.0_91\lib\dt.jar;C:\Program Files\Java\jdk1.8.0_91\lib\tools.jar;
PATH=C:\ProgramData\Oracle\Java\javapath;C:\WINDOWS\system32;C:\WINDOWS;C:\WINDOWS\System32\Wbem;C:\WINDOWS\System32\WindowsPowerShell\v1.0\;C:\Program Files\Java\jdk1.8.0_91\bin;C:\Program Files\Java\jdk1.8.0_91\jre\bin;C:\Program Files\Git\cmd;C:\Program Files\Git\mingw64\bin;C:\Program Files\Git\usr\bin;D:\Android\android-sdk\platform-tools;D:\Android\android-sdk\tools;C:\Program Files (x86)\GtkSharp\2.12\bin;C:\Program Files\OpenVPN\bin;C:\Users\zhao\AppData\Local\Programs\Python\Python35\Scripts\;C:\Users\zhao\AppData\Local\Programs\Python\Python35\;C:\Users\zhao\AppData\Local\Microsoft\WindowsApps;C:\gradle-3.3\bin\;
USERNAME=zhao
OS=Windows_NT
PROCESSOR_IDENTIFIER=Intel64 Family 6 Model 42 Stepping 7, GenuineIntel



---------------  S Y S T E M  ---------------

OS: Windows 10.0 , 64 bit Build 16299 (10.0.16299.15)

CPU:total 4 (2 cores per cpu, 2 threads per core) family 6 model 42 stepping 7, cmov, cx8, fxsr, mmx, sse, sse2, sse3, ssse3, sse4.1, sse4.2, popcnt, avx, clmul, ht, tsc, tscinvbit

Memory: 4k page, physical 8269036k(846640k free), swap 8269036k(1604k free)

vm_info: Java HotSpot(TM) 64-Bit Server VM (25.91-b15) for windows-amd64 JRE (1.8.0_91-b15), built on May 20 2016 17:43:15 by "java_re" with MS VC++ 10.0 (VS2010)

time: Sun Oct 29 10:15:40 2017
elapsed time: 8 seconds (0d 0h 0m 8s)

